<?xml version="1.0" encoding="UTF-8"?>
<testsuite name="test_register_project_tests.MyTestCase-20260424232627" tests="27" file="test_register_project_tests.py" time="0.122" timestamp="2026-04-24T23:26:28" failures="0" errors="0" skipped="0">
	<testcase classname="test_register_project_tests.MyTestCase" name="test_TC_SYN_01_valid_json_pdf" time="0.009" timestamp="2026-04-24T23:26:27"/>
	<testcase classname="test_register_project_tests.MyTestCase" name="test_TC_SYN_02_valid_json_docx" time="0.005" timestamp="2026-04-24T23:26:27"/>
	<testcase classname="test_register_project_tests.MyTestCase" name="test_TC_SYN_03_valid_json_xlsx" time="0.006" timestamp="2026-04-24T23:26:27"/>
	<testcase classname="test_register_project_tests.MyTestCase" name="test_TC_SYN_04_missing_opening_brace" time="0.004" timestamp="2026-04-24T23:26:27"/>
	<testcase classname="test_register_project_tests.MyTestCase" name="test_TC_SYN_05_missing_closing_brace" time="0.004" timestamp="2026-04-24T23:26:27"/>
	<testcase classname="test_register_project_tests.MyTestCase" name="test_TC_SYN_06_missing_separator" time="0.006" timestamp="2026-04-24T23:26:27"/>
	<testcase classname="test_register_project_tests.MyTestCase" name="test_TC_SYN_07_missing_colon" time="0.005" timestamp="2026-04-24T23:26:27"/>
	<testcase classname="test_register_project_tests.MyTestCase" name="test_TC_SYN_08_missing_project_id" time="0.005" timestamp="2026-04-24T23:26:27"/>
	<testcase classname="test_register_project_tests.MyTestCase" name="test_TC_SYN_09_missing_filename" time="0.004" timestamp="2026-04-24T23:26:27"/>
	<testcase classname="test_register_project_tests.MyTestCase" name="test_TC_SYN_10_project_id_too_short" time="0.004" timestamp="2026-04-24T23:26:27"/>
	<testcase classname="test_register_project_tests.MyTestCase" name="test_TC_SYN_11_filename_too_short" time="0.004" timestamp="2026-04-24T23:26:27"/>
	<testcase classname="test_register_project_tests.MyTestCase" name="test_TC_SYN_12_no_extension" time="0.004" timestamp="2026-04-24T23:26:27"/>
	<testcase classname="test_register_project_tests.MyTestCase" name="test_TC_SYN_13_project_id_too_long" time="0.004" timestamp="2026-04-24T23:26:27"/>
	<testcase classname="test_register_project_tests.MyTestCase" name="test_TC_SYN_14_filename_too_long" time="0.005" timestamp="2026-04-24T23:26:27"/>
	<testcase classname="test_register_project_tests.MyTestCase" name="test_TC_SYN_15_duplicate_opening_brace" time="0.005" timestamp="2026-04-24T23:26:28"/>
	<testcase classname="test_register_project_tests.MyTestCase" name="test_TC_SYN_16_duplicate_separator" time="0.004" timestamp="2026-04-24T23:26:28"/>
	<testcase classname="test_register_project_tests.MyTestCase" name="test_TC_SYN_17_modified_opening_brace" time="0.005" timestamp="2026-04-24T23:26:28"/>
	<testcase classname="test_register_project_tests.MyTestCase" name="test_TC_SYN_18_modified_separator" time="0.004" timestamp="2026-04-24T23:26:28"/>
	<testcase classname="test_register_project_tests.MyTestCase" name="test_TC_SYN_19_modified_colon" time="0.004" timestamp="2026-04-24T23:26:28"/>
	<testcase classname="test_register_project_tests.MyTestCase" name="test_TC_SYN_20_wrong_project_id_key" time="0.004" timestamp="2026-04-24T23:26:28"/>
	<testcase classname="test_register_project_tests.MyTestCase" name="test_TC_SYN_21_wrong_filename_key" time="0.004" timestamp="2026-04-24T23:26:28"/>
	<testcase classname="test_register_project_tests.MyTestCase" name="test_TC_SYN_22_invalid_project_id_hex" time="0.004" timestamp="2026-04-24T23:26:28"/>
	<testcase classname="test_register_project_tests.MyTestCase" name="test_TC_SYN_23_invalid_filename_char" time="0.004" timestamp="2026-04-24T23:26:28"/>
	<testcase classname="test_register_project_tests.MyTestCase" name="test_TC_SYN_24_invalid_extension" time="0.005" timestamp="2026-04-24T23:26:28"/>
	<testcase classname="test_register_project_tests.MyTestCase" name="test_TC_SYN_25_file_not_found" time="0.001" timestamp="2026-04-24T23:26:28"/>
	<testcase classname="test_register_project_tests.MyTestCase" name="test_TC_SYN_26_not_json_content" time="0.006" timestamp="2026-04-24T23:26:28"/>
	<testcase classname="test_register_project_tests.MyTestCase" name="test_TC_SYN_27_hash_failure" time="0.005" timestamp="2026-04-24T23:26:28"/>
</testsuite>
