<?xml version="1.0" encoding="UTF-8"?>
<testsuite name="test_register_project_tests.MyTestCase-20260423171038" tests="27" file="test_register_project_tests.py" time="0.123" timestamp="2026-04-23T17:10:38" failures="0" errors="27" skipped="0">
	<testcase classname="test_register_project_tests.MyTestCase" name="test_TC_SYN_01_valid_json_pdf" time="0.009" timestamp="2026-04-23T17:10:38">
		<error type="AttributeError" message="type object 'EnterpriseManager' has no attribute 'register_document'"><![CDATA[Traceback (most recent call last):
  File "C:\Python313\Lib\unittest\case.py", line 58, in testPartExecutor
    yield
  File "C:\Python313\Lib\unittest\case.py", line 651, in run
    self._callTestMethod(testMethod)
    
  File "C:\Python313\Lib\unittest\case.py", line 606, in _callTestMethod
    if method() is not None:
    ^^^^^^^^^^^^^^^
  File "c:\users\suhan\pycharmprojects\g88.2026.t10.ge2b\src\unittest\python\test_register_project_tests.py", line 19, in test_TC_SYN_01_valid_json_pdf
    signature, filename = EnterpriseManager.register_document(file_path)
    ^^^^^^^^^^^
AttributeError: type object 'EnterpriseManager' has no attribute 'register_document'
]]></error>
	</testcase>
	<testcase classname="test_register_project_tests.MyTestCase" name="test_TC_SYN_02_valid_json_docx" time="0.005" timestamp="2026-04-23T17:10:38">
		<error type="AttributeError" message="type object 'EnterpriseManager' has no attribute 'register_document'"><![CDATA[Traceback (most recent call last):
  File "C:\Python313\Lib\unittest\case.py", line 58, in testPartExecutor
    yield
  File "C:\Python313\Lib\unittest\case.py", line 651, in run
    self._callTestMethod(testMethod)
    
  File "C:\Python313\Lib\unittest\case.py", line 606, in _callTestMethod
    if method() is not None:
    ^^^^^^^^^^^^^^^
  File "c:\users\suhan\pycharmprojects\g88.2026.t10.ge2b\src\unittest\python\test_register_project_tests.py", line 33, in test_TC_SYN_02_valid_json_docx
    signature, filename = EnterpriseManager.register_document(file_path)
    ^^^^^^^^^^^
AttributeError: type object 'EnterpriseManager' has no attribute 'register_document'
]]></error>
	</testcase>
	<testcase classname="test_register_project_tests.MyTestCase" name="test_TC_SYN_03_valid_json_xlsx" time="0.003" timestamp="2026-04-23T17:10:38">
		<error type="AttributeError" message="type object 'EnterpriseManager' has no attribute 'register_document'"><![CDATA[Traceback (most recent call last):
  File "C:\Python313\Lib\unittest\case.py", line 58, in testPartExecutor
    yield
  File "C:\Python313\Lib\unittest\case.py", line 651, in run
    self._callTestMethod(testMethod)
    
  File "C:\Python313\Lib\unittest\case.py", line 606, in _callTestMethod
    if method() is not None:
    ^^^^^^^^^^^^^^^
  File "c:\users\suhan\pycharmprojects\g88.2026.t10.ge2b\src\unittest\python\test_register_project_tests.py", line 46, in test_TC_SYN_03_valid_json_xlsx
    signature, filename = EnterpriseManager.register_document(file_path)
    ^^^^^^^^^^^
AttributeError: type object 'EnterpriseManager' has no attribute 'register_document'
]]></error>
	</testcase>
	<testcase classname="test_register_project_tests.MyTestCase" name="test_TC_SYN_04_missing_opening_brace" time="0.005" timestamp="2026-04-23T17:10:38">
		<error type="AttributeError" message="type object 'EnterpriseManager' has no attribute 'register_document'"><![CDATA[Traceback (most recent call last):
  File "C:\Python313\Lib\unittest\case.py", line 58, in testPartExecutor
    yield
  File "C:\Python313\Lib\unittest\case.py", line 651, in run
    self._callTestMethod(testMethod)
    
  File "C:\Python313\Lib\unittest\case.py", line 606, in _callTestMethod
    if method() is not None:
    ^^^^^^^^^^^^^^^
  File "c:\users\suhan\pycharmprojects\g88.2026.t10.ge2b\src\unittest\python\test_register_project_tests.py", line 60, in test_TC_SYN_04_missing_opening_brace
    EnterpriseManager.register_document(file_path)
    ^^^^^^^
AttributeError: type object 'EnterpriseManager' has no attribute 'register_document'
]]></error>
	</testcase>
	<testcase classname="test_register_project_tests.MyTestCase" name="test_TC_SYN_05_missing_closing_brace" time="0.005" timestamp="2026-04-23T17:10:38">
		<error type="AttributeError" message="type object 'EnterpriseManager' has no attribute 'register_document'"><![CDATA[Traceback (most recent call last):
  File "C:\Python313\Lib\unittest\case.py", line 58, in testPartExecutor
    yield
  File "C:\Python313\Lib\unittest\case.py", line 651, in run
    self._callTestMethod(testMethod)
    
  File "C:\Python313\Lib\unittest\case.py", line 606, in _callTestMethod
    if method() is not None:
    ^^^^^^^^^^^^^^^
  File "c:\users\suhan\pycharmprojects\g88.2026.t10.ge2b\src\unittest\python\test_register_project_tests.py", line 72, in test_TC_SYN_05_missing_closing_brace
    EnterpriseManager.register_document(file_path)
    ^^^^^^^
AttributeError: type object 'EnterpriseManager' has no attribute 'register_document'
]]></error>
	</testcase>
	<testcase classname="test_register_project_tests.MyTestCase" name="test_TC_SYN_06_missing_separator" time="0.006" timestamp="2026-04-23T17:10:38">
		<error type="AttributeError" message="type object 'EnterpriseManager' has no attribute 'register_document'"><![CDATA[Traceback (most recent call last):
  File "C:\Python313\Lib\unittest\case.py", line 58, in testPartExecutor
    yield
  File "C:\Python313\Lib\unittest\case.py", line 651, in run
    self._callTestMethod(testMethod)
    
  File "C:\Python313\Lib\unittest\case.py", line 606, in _callTestMethod
    if method() is not None:
    ^^^^^^^^^^^^^^^
  File "c:\users\suhan\pycharmprojects\g88.2026.t10.ge2b\src\unittest\python\test_register_project_tests.py", line 84, in test_TC_SYN_06_missing_separator
    EnterpriseManager.register_document(file_path)
    ^^^^^^^
AttributeError: type object 'EnterpriseManager' has no attribute 'register_document'
]]></error>
	</testcase>
	<testcase classname="test_register_project_tests.MyTestCase" name="test_TC_SYN_07_missing_colon" time="0.004" timestamp="2026-04-23T17:10:38">
		<error type="AttributeError" message="type object 'EnterpriseManager' has no attribute 'register_document'"><![CDATA[Traceback (most recent call last):
  File "C:\Python313\Lib\unittest\case.py", line 58, in testPartExecutor
    yield
  File "C:\Python313\Lib\unittest\case.py", line 651, in run
    self._callTestMethod(testMethod)
    
  File "C:\Python313\Lib\unittest\case.py", line 606, in _callTestMethod
    if method() is not None:
    ^^^^^^^^^^^^^^^
  File "c:\users\suhan\pycharmprojects\g88.2026.t10.ge2b\src\unittest\python\test_register_project_tests.py", line 96, in test_TC_SYN_07_missing_colon
    EnterpriseManager.register_document(file_path)
    ^^^^^^^
AttributeError: type object 'EnterpriseManager' has no attribute 'register_document'
]]></error>
	</testcase>
	<testcase classname="test_register_project_tests.MyTestCase" name="test_TC_SYN_08_missing_project_id" time="0.004" timestamp="2026-04-23T17:10:38">
		<error type="AttributeError" message="type object 'EnterpriseManager' has no attribute 'register_document'"><![CDATA[Traceback (most recent call last):
  File "C:\Python313\Lib\unittest\case.py", line 58, in testPartExecutor
    yield
  File "C:\Python313\Lib\unittest\case.py", line 651, in run
    self._callTestMethod(testMethod)
    
  File "C:\Python313\Lib\unittest\case.py", line 606, in _callTestMethod
    if method() is not None:
    ^^^^^^^^^^^^^^^
  File "c:\users\suhan\pycharmprojects\g88.2026.t10.ge2b\src\unittest\python\test_register_project_tests.py", line 108, in test_TC_SYN_08_missing_project_id
    EnterpriseManager.register_document(file_path)
    ^^^^^^^
AttributeError: type object 'EnterpriseManager' has no attribute 'register_document'
]]></error>
	</testcase>
	<testcase classname="test_register_project_tests.MyTestCase" name="test_TC_SYN_09_missing_filename" time="0.003" timestamp="2026-04-23T17:10:38">
		<error type="AttributeError" message="type object 'EnterpriseManager' has no attribute 'register_document'"><![CDATA[Traceback (most recent call last):
  File "C:\Python313\Lib\unittest\case.py", line 58, in testPartExecutor
    yield
  File "C:\Python313\Lib\unittest\case.py", line 651, in run
    self._callTestMethod(testMethod)
    
  File "C:\Python313\Lib\unittest\case.py", line 606, in _callTestMethod
    if method() is not None:
    ^^^^^^^^^^^^^^^
  File "c:\users\suhan\pycharmprojects\g88.2026.t10.ge2b\src\unittest\python\test_register_project_tests.py", line 120, in test_TC_SYN_09_missing_filename
    EnterpriseManager.register_document(file_path)
    ^^^^^^^
AttributeError: type object 'EnterpriseManager' has no attribute 'register_document'
]]></error>
	</testcase>
	<testcase classname="test_register_project_tests.MyTestCase" name="test_TC_SYN_10_project_id_too_short" time="0.005" timestamp="2026-04-23T17:10:38">
		<error type="AttributeError" message="type object 'EnterpriseManager' has no attribute 'register_document'"><![CDATA[Traceback (most recent call last):
  File "C:\Python313\Lib\unittest\case.py", line 58, in testPartExecutor
    yield
  File "C:\Python313\Lib\unittest\case.py", line 651, in run
    self._callTestMethod(testMethod)
    
  File "C:\Python313\Lib\unittest\case.py", line 606, in _callTestMethod
    if method() is not None:
    ^^^^^^^^^^^^^^^
  File "c:\users\suhan\pycharmprojects\g88.2026.t10.ge2b\src\unittest\python\test_register_project_tests.py", line 132, in test_TC_SYN_10_project_id_too_short
    EnterpriseManager.register_document(file_path)
    ^^^^^^^
AttributeError: type object 'EnterpriseManager' has no attribute 'register_document'
]]></error>
	</testcase>
	<testcase classname="test_register_project_tests.MyTestCase" name="test_TC_SYN_11_filename_too_short" time="0.004" timestamp="2026-04-23T17:10:38">
		<error type="AttributeError" message="type object 'EnterpriseManager' has no attribute 'register_document'"><![CDATA[Traceback (most recent call last):
  File "C:\Python313\Lib\unittest\case.py", line 58, in testPartExecutor
    yield
  File "C:\Python313\Lib\unittest\case.py", line 651, in run
    self._callTestMethod(testMethod)
    
  File "C:\Python313\Lib\unittest\case.py", line 606, in _callTestMethod
    if method() is not None:
    ^^^^^^^^^^^^^^^
  File "c:\users\suhan\pycharmprojects\g88.2026.t10.ge2b\src\unittest\python\test_register_project_tests.py", line 144, in test_TC_SYN_11_filename_too_short
    EnterpriseManager.register_document(file_path)
    ^^^^^^^
AttributeError: type object 'EnterpriseManager' has no attribute 'register_document'
]]></error>
	</testcase>
	<testcase classname="test_register_project_tests.MyTestCase" name="test_TC_SYN_12_no_extension" time="0.004" timestamp="2026-04-23T17:10:38">
		<error type="AttributeError" message="type object 'EnterpriseManager' has no attribute 'register_document'"><![CDATA[Traceback (most recent call last):
  File "C:\Python313\Lib\unittest\case.py", line 58, in testPartExecutor
    yield
  File "C:\Python313\Lib\unittest\case.py", line 651, in run
    self._callTestMethod(testMethod)
    
  File "C:\Python313\Lib\unittest\case.py", line 606, in _callTestMethod
    if method() is not None:
    ^^^^^^^^^^^^^^^
  File "c:\users\suhan\pycharmprojects\g88.2026.t10.ge2b\src\unittest\python\test_register_project_tests.py", line 156, in test_TC_SYN_12_no_extension
    EnterpriseManager.register_document(file_path)
    ^^^^^^^
AttributeError: type object 'EnterpriseManager' has no attribute 'register_document'
]]></error>
	</testcase>
	<testcase classname="test_register_project_tests.MyTestCase" name="test_TC_SYN_13_project_id_too_long" time="0.004" timestamp="2026-04-23T17:10:38">
		<error type="AttributeError" message="type object 'EnterpriseManager' has no attribute 'register_document'"><![CDATA[Traceback (most recent call last):
  File "C:\Python313\Lib\unittest\case.py", line 58, in testPartExecutor
    yield
  File "C:\Python313\Lib\unittest\case.py", line 651, in run
    self._callTestMethod(testMethod)
    
  File "C:\Python313\Lib\unittest\case.py", line 606, in _callTestMethod
    if method() is not None:
    ^^^^^^^^^^^^^^^
  File "c:\users\suhan\pycharmprojects\g88.2026.t10.ge2b\src\unittest\python\test_register_project_tests.py", line 168, in test_TC_SYN_13_project_id_too_long
    EnterpriseManager.register_document(file_path)
    ^^^^^^^
AttributeError: type object 'EnterpriseManager' has no attribute 'register_document'
]]></error>
	</testcase>
	<testcase classname="test_register_project_tests.MyTestCase" name="test_TC_SYN_14_filename_too_long" time="0.005" timestamp="2026-04-23T17:10:38">
		<error type="AttributeError" message="type object 'EnterpriseManager' has no attribute 'register_document'"><![CDATA[Traceback (most recent call last):
  File "C:\Python313\Lib\unittest\case.py", line 58, in testPartExecutor
    yield
  File "C:\Python313\Lib\unittest\case.py", line 651, in run
    self._callTestMethod(testMethod)
    
  File "C:\Python313\Lib\unittest\case.py", line 606, in _callTestMethod
    if method() is not None:
    ^^^^^^^^^^^^^^^
  File "c:\users\suhan\pycharmprojects\g88.2026.t10.ge2b\src\unittest\python\test_register_project_tests.py", line 180, in test_TC_SYN_14_filename_too_long
    EnterpriseManager.register_document(file_path)
    ^^^^^^^
AttributeError: type object 'EnterpriseManager' has no attribute 'register_document'
]]></error>
	</testcase>
	<testcase classname="test_register_project_tests.MyTestCase" name="test_TC_SYN_15_duplicate_opening_brace" time="0.003" timestamp="2026-04-23T17:10:38">
		<error type="AttributeError" message="type object 'EnterpriseManager' has no attribute 'register_document'"><![CDATA[Traceback (most recent call last):
  File "C:\Python313\Lib\unittest\case.py", line 58, in testPartExecutor
    yield
  File "C:\Python313\Lib\unittest\case.py", line 651, in run
    self._callTestMethod(testMethod)
    
  File "C:\Python313\Lib\unittest\case.py", line 606, in _callTestMethod
    if method() is not None:
    ^^^^^^^^^^^^^^^
  File "c:\users\suhan\pycharmprojects\g88.2026.t10.ge2b\src\unittest\python\test_register_project_tests.py", line 192, in test_TC_SYN_15_duplicate_opening_brace
    EnterpriseManager.register_document(file_path)
    ^^^^^^^
AttributeError: type object 'EnterpriseManager' has no attribute 'register_document'
]]></error>
	</testcase>
	<testcase classname="test_register_project_tests.MyTestCase" name="test_TC_SYN_16_duplicate_separator" time="0.005" timestamp="2026-04-23T17:10:38">
		<error type="AttributeError" message="type object 'EnterpriseManager' has no attribute 'register_document'"><![CDATA[Traceback (most recent call last):
  File "C:\Python313\Lib\unittest\case.py", line 58, in testPartExecutor
    yield
  File "C:\Python313\Lib\unittest\case.py", line 651, in run
    self._callTestMethod(testMethod)
    
  File "C:\Python313\Lib\unittest\case.py", line 606, in _callTestMethod
    if method() is not None:
    ^^^^^^^^^^^^^^^
  File "c:\users\suhan\pycharmprojects\g88.2026.t10.ge2b\src\unittest\python\test_register_project_tests.py", line 204, in test_TC_SYN_16_duplicate_separator
    EnterpriseManager.register_document(file_path)
    ^^^^^^^
AttributeError: type object 'EnterpriseManager' has no attribute 'register_document'
]]></error>
	</testcase>
	<testcase classname="test_register_project_tests.MyTestCase" name="test_TC_SYN_17_modified_opening_brace" time="0.005" timestamp="2026-04-23T17:10:38">
		<error type="AttributeError" message="type object 'EnterpriseManager' has no attribute 'register_document'"><![CDATA[Traceback (most recent call last):
  File "C:\Python313\Lib\unittest\case.py", line 58, in testPartExecutor
    yield
  File "C:\Python313\Lib\unittest\case.py", line 651, in run
    self._callTestMethod(testMethod)
    
  File "C:\Python313\Lib\unittest\case.py", line 606, in _callTestMethod
    if method() is not None:
    ^^^^^^^^^^^^^^^
  File "c:\users\suhan\pycharmprojects\g88.2026.t10.ge2b\src\unittest\python\test_register_project_tests.py", line 216, in test_TC_SYN_17_modified_opening_brace
    EnterpriseManager.register_document(file_path)
    ^^^^^^^
AttributeError: type object 'EnterpriseManager' has no attribute 'register_document'
]]></error>
	</testcase>
	<testcase classname="test_register_project_tests.MyTestCase" name="test_TC_SYN_18_modified_separator" time="0.004" timestamp="2026-04-23T17:10:38">
		<error type="AttributeError" message="type object 'EnterpriseManager' has no attribute 'register_document'"><![CDATA[Traceback (most recent call last):
  File "C:\Python313\Lib\unittest\case.py", line 58, in testPartExecutor
    yield
  File "C:\Python313\Lib\unittest\case.py", line 651, in run
    self._callTestMethod(testMethod)
    
  File "C:\Python313\Lib\unittest\case.py", line 606, in _callTestMethod
    if method() is not None:
    ^^^^^^^^^^^^^^^
  File "c:\users\suhan\pycharmprojects\g88.2026.t10.ge2b\src\unittest\python\test_register_project_tests.py", line 228, in test_TC_SYN_18_modified_separator
    EnterpriseManager.register_document(file_path)
    ^^^^^^^
AttributeError: type object 'EnterpriseManager' has no attribute 'register_document'
]]></error>
	</testcase>
	<testcase classname="test_register_project_tests.MyTestCase" name="test_TC_SYN_19_modified_colon" time="0.006" timestamp="2026-04-23T17:10:38">
		<error type="AttributeError" message="type object 'EnterpriseManager' has no attribute 'register_document'"><![CDATA[Traceback (most recent call last):
  File "C:\Python313\Lib\unittest\case.py", line 58, in testPartExecutor
    yield
  File "C:\Python313\Lib\unittest\case.py", line 651, in run
    self._callTestMethod(testMethod)
    
  File "C:\Python313\Lib\unittest\case.py", line 606, in _callTestMethod
    if method() is not None:
    ^^^^^^^^^^^^^^^
  File "c:\users\suhan\pycharmprojects\g88.2026.t10.ge2b\src\unittest\python\test_register_project_tests.py", line 240, in test_TC_SYN_19_modified_colon
    EnterpriseManager.register_document(file_path)
    ^^^^^^^
AttributeError: type object 'EnterpriseManager' has no attribute 'register_document'
]]></error>
	</testcase>
	<testcase classname="test_register_project_tests.MyTestCase" name="test_TC_SYN_20_wrong_project_id_key" time="0.003" timestamp="2026-04-23T17:10:38">
		<error type="AttributeError" message="type object 'EnterpriseManager' has no attribute 'register_document'"><![CDATA[Traceback (most recent call last):
  File "C:\Python313\Lib\unittest\case.py", line 58, in testPartExecutor
    yield
  File "C:\Python313\Lib\unittest\case.py", line 651, in run
    self._callTestMethod(testMethod)
    
  File "C:\Python313\Lib\unittest\case.py", line 606, in _callTestMethod
    if method() is not None:
    ^^^^^^^^^^^^^^^
  File "c:\users\suhan\pycharmprojects\g88.2026.t10.ge2b\src\unittest\python\test_register_project_tests.py", line 252, in test_TC_SYN_20_wrong_project_id_key
    EnterpriseManager.register_document(file_path)
    ^^^^^^^
AttributeError: type object 'EnterpriseManager' has no attribute 'register_document'
]]></error>
	</testcase>
	<testcase classname="test_register_project_tests.MyTestCase" name="test_TC_SYN_21_wrong_filename_key" time="0.006" timestamp="2026-04-23T17:10:38">
		<error type="AttributeError" message="type object 'EnterpriseManager' has no attribute 'register_document'"><![CDATA[Traceback (most recent call last):
  File "C:\Python313\Lib\unittest\case.py", line 58, in testPartExecutor
    yield
  File "C:\Python313\Lib\unittest\case.py", line 651, in run
    self._callTestMethod(testMethod)
    
  File "C:\Python313\Lib\unittest\case.py", line 606, in _callTestMethod
    if method() is not None:
    ^^^^^^^^^^^^^^^
  File "c:\users\suhan\pycharmprojects\g88.2026.t10.ge2b\src\unittest\python\test_register_project_tests.py", line 264, in test_TC_SYN_21_wrong_filename_key
    EnterpriseManager.register_document(file_path)
    ^^^^^^^
AttributeError: type object 'EnterpriseManager' has no attribute 'register_document'
]]></error>
	</testcase>
	<testcase classname="test_register_project_tests.MyTestCase" name="test_TC_SYN_22_invalid_project_id_hex" time="0.004" timestamp="2026-04-23T17:10:38">
		<error type="AttributeError" message="type object 'EnterpriseManager' has no attribute 'register_document'"><![CDATA[Traceback (most recent call last):
  File "C:\Python313\Lib\unittest\case.py", line 58, in testPartExecutor
    yield
  File "C:\Python313\Lib\unittest\case.py", line 651, in run
    self._callTestMethod(testMethod)
    
  File "C:\Python313\Lib\unittest\case.py", line 606, in _callTestMethod
    if method() is not None:
    ^^^^^^^^^^^^^^^
  File "c:\users\suhan\pycharmprojects\g88.2026.t10.ge2b\src\unittest\python\test_register_project_tests.py", line 276, in test_TC_SYN_22_invalid_project_id_hex
    EnterpriseManager.register_document(file_path)
    ^^^^^^^
AttributeError: type object 'EnterpriseManager' has no attribute 'register_document'
]]></error>
	</testcase>
	<testcase classname="test_register_project_tests.MyTestCase" name="test_TC_SYN_23_invalid_filename_char" time="0.004" timestamp="2026-04-23T17:10:38">
		<error type="AttributeError" message="type object 'EnterpriseManager' has no attribute 'register_document'"><![CDATA[Traceback (most recent call last):
  File "C:\Python313\Lib\unittest\case.py", line 58, in testPartExecutor
    yield
  File "C:\Python313\Lib\unittest\case.py", line 651, in run
    self._callTestMethod(testMethod)
    
  File "C:\Python313\Lib\unittest\case.py", line 606, in _callTestMethod
    if method() is not None:
    ^^^^^^^^^^^^^^^
  File "c:\users\suhan\pycharmprojects\g88.2026.t10.ge2b\src\unittest\python\test_register_project_tests.py", line 288, in test_TC_SYN_23_invalid_filename_char
    EnterpriseManager.register_document(file_path)
    ^^^^^^^
AttributeError: type object 'EnterpriseManager' has no attribute 'register_document'
]]></error>
	</testcase>
	<testcase classname="test_register_project_tests.MyTestCase" name="test_TC_SYN_24_invalid_extension" time="0.005" timestamp="2026-04-23T17:10:38">
		<error type="AttributeError" message="type object 'EnterpriseManager' has no attribute 'register_document'"><![CDATA[Traceback (most recent call last):
  File "C:\Python313\Lib\unittest\case.py", line 58, in testPartExecutor
    yield
  File "C:\Python313\Lib\unittest\case.py", line 651, in run
    self._callTestMethod(testMethod)
    
  File "C:\Python313\Lib\unittest\case.py", line 606, in _callTestMethod
    if method() is not None:
    ^^^^^^^^^^^^^^^
  File "c:\users\suhan\pycharmprojects\g88.2026.t10.ge2b\src\unittest\python\test_register_project_tests.py", line 300, in test_TC_SYN_24_invalid_extension
    EnterpriseManager.register_document(file_path)
    ^^^^^^^
AttributeError: type object 'EnterpriseManager' has no attribute 'register_document'
]]></error>
	</testcase>
	<testcase classname="test_register_project_tests.MyTestCase" name="test_TC_SYN_25_file_not_found" time="0.002" timestamp="2026-04-23T17:10:38">
		<error type="AttributeError" message="type object 'EnterpriseManager' has no attribute 'register_document'"><![CDATA[Traceback (most recent call last):
  File "C:\Python313\Lib\unittest\case.py", line 58, in testPartExecutor
    yield
  File "C:\Python313\Lib\unittest\case.py", line 651, in run
    self._callTestMethod(testMethod)
    
  File "C:\Python313\Lib\unittest\case.py", line 606, in _callTestMethod
    if method() is not None:
    ^^^^^^^^^^^^^^^
  File "c:\users\suhan\pycharmprojects\g88.2026.t10.ge2b\src\unittest\python\test_register_project_tests.py", line 306, in test_TC_SYN_25_file_not_found
    EnterpriseManager.register_document("nonexistent.json")
    ^^^^^^^^^^^
AttributeError: type object 'EnterpriseManager' has no attribute 'register_document'
]]></error>
	</testcase>
	<testcase classname="test_register_project_tests.MyTestCase" name="test_TC_SYN_26_not_json_content" time="0.004" timestamp="2026-04-23T17:10:38">
		<error type="AttributeError" message="type object 'EnterpriseManager' has no attribute 'register_document'"><![CDATA[Traceback (most recent call last):
  File "C:\Python313\Lib\unittest\case.py", line 58, in testPartExecutor
    yield
  File "C:\Python313\Lib\unittest\case.py", line 651, in run
    self._callTestMethod(testMethod)
    
  File "C:\Python313\Lib\unittest\case.py", line 606, in _callTestMethod
    if method() is not None:
    ^^^^^^^^^^^^^^^
  File "c:\users\suhan\pycharmprojects\g88.2026.t10.ge2b\src\unittest\python\test_register_project_tests.py", line 317, in test_TC_SYN_26_not_json_content
    EnterpriseManager.register_document(file_path)
    ^^^^^^^
AttributeError: type object 'EnterpriseManager' has no attribute 'register_document'
]]></error>
	</testcase>
	<testcase classname="test_register_project_tests.MyTestCase" name="test_TC_SYN_27_hash_failure" time="0.004" timestamp="2026-04-23T17:10:38">
		<error type="AttributeError" message="type object 'EnterpriseManager' has no attribute 'register_document'"><![CDATA[Traceback (most recent call last):
  File "C:\Python313\Lib\unittest\case.py", line 58, in testPartExecutor
    yield
  File "C:\Python313\Lib\unittest\case.py", line 651, in run
    self._callTestMethod(testMethod)
    
  File "C:\Python313\Lib\unittest\case.py", line 606, in _callTestMethod
    if method() is not None:
    ^^^^^^^^^^^^^^^
  File "c:\users\suhan\pycharmprojects\g88.2026.t10.ge2b\src\unittest\python\test_register_project_tests.py", line 338, in test_TC_SYN_27_hash_failure
    EnterpriseManager.register_document(file_path)
    ^^^
AttributeError: type object 'EnterpriseManager' has no attribute 'register_document'
]]></error>
	</testcase>
</testsuite>
