<?xml version="1.0" encoding="UTF-8"?>
<testsuite name="test_register_project_tests.MyTestCase-20260423171431" tests="27" file="test_register_project_tests.py" time="0.207" timestamp="2026-04-23T17:14:32" failures="24" errors="3" skipped="0">
	<testcase classname="test_register_project_tests.MyTestCase" name="test_TC_SYN_04_missing_opening_brace" time="0.008" timestamp="2026-04-23T17:14:32">
		<failure type="AssertionError" message="EnterpriseManagementException not raised"><![CDATA[Traceback (most recent call last):
  File "C:\Python313\Lib\unittest\case.py", line 58, in testPartExecutor
    yield
  File "C:\Python313\Lib\unittest\case.py", line 651, in run
    self._callTestMethod(testMethod)
    
  File "C:\Python313\Lib\unittest\case.py", line 606, in _callTestMethod
    if method() is not None:
    ^^^^^^^^^^^^^^^
  File "c:\users\suhan\pycharmprojects\g88.2026.t10.ge2b\src\unittest\python\test_register_project_tests.py", line 59, in test_TC_SYN_04_missing_opening_brace
    with self.assertRaises(EnterpriseManagementException) as cm:
    ^^^^^^^^^^^
  File "C:\Python313\Lib\unittest\case.py", line 263, in __exit__
    self._raiseFailure("{} not raised".format(exc_name))
    ^^^^^^^
  File "C:\Python313\Lib\unittest\case.py", line 200, in _raiseFailure
    raise self.test_case.failureException(msg)
    ^^^^^^^^^^^^^^^
AssertionError: EnterpriseManagementException not raised
]]></failure>
	</testcase>
	<testcase classname="test_register_project_tests.MyTestCase" name="test_TC_SYN_05_missing_closing_brace" time="0.008" timestamp="2026-04-23T17:14:32">
		<failure type="AssertionError" message="EnterpriseManagementException not raised"><![CDATA[Traceback (most recent call last):
  File "C:\Python313\Lib\unittest\case.py", line 58, in testPartExecutor
    yield
  File "C:\Python313\Lib\unittest\case.py", line 651, in run
    self._callTestMethod(testMethod)
    
  File "C:\Python313\Lib\unittest\case.py", line 606, in _callTestMethod
    if method() is not None:
    ^^^^^^^^^^^^^^^
  File "c:\users\suhan\pycharmprojects\g88.2026.t10.ge2b\src\unittest\python\test_register_project_tests.py", line 71, in test_TC_SYN_05_missing_closing_brace
    with self.assertRaises(EnterpriseManagementException) as cm:
    ^^^^^^^^^^^
  File "C:\Python313\Lib\unittest\case.py", line 263, in __exit__
    self._raiseFailure("{} not raised".format(exc_name))
    ^^^^^^^
  File "C:\Python313\Lib\unittest\case.py", line 200, in _raiseFailure
    raise self.test_case.failureException(msg)
    ^^^^^^^^^^^^^^^
AssertionError: EnterpriseManagementException not raised
]]></failure>
	</testcase>
	<testcase classname="test_register_project_tests.MyTestCase" name="test_TC_SYN_06_missing_separator" time="0.009" timestamp="2026-04-23T17:14:32">
		<failure type="AssertionError" message="EnterpriseManagementException not raised"><![CDATA[Traceback (most recent call last):
  File "C:\Python313\Lib\unittest\case.py", line 58, in testPartExecutor
    yield
  File "C:\Python313\Lib\unittest\case.py", line 651, in run
    self._callTestMethod(testMethod)
    
  File "C:\Python313\Lib\unittest\case.py", line 606, in _callTestMethod
    if method() is not None:
    ^^^^^^^^^^^^^^^
  File "c:\users\suhan\pycharmprojects\g88.2026.t10.ge2b\src\unittest\python\test_register_project_tests.py", line 83, in test_TC_SYN_06_missing_separator
    with self.assertRaises(EnterpriseManagementException) as cm:
    ^^^^^^^^^^^
  File "C:\Python313\Lib\unittest\case.py", line 263, in __exit__
    self._raiseFailure("{} not raised".format(exc_name))
    ^^^^^^^
  File "C:\Python313\Lib\unittest\case.py", line 200, in _raiseFailure
    raise self.test_case.failureException(msg)
    ^^^^^^^^^^^^^^^
AssertionError: EnterpriseManagementException not raised
]]></failure>
	</testcase>
	<testcase classname="test_register_project_tests.MyTestCase" name="test_TC_SYN_07_missing_colon" time="0.008" timestamp="2026-04-23T17:14:32">
		<failure type="AssertionError" message="EnterpriseManagementException not raised"><![CDATA[Traceback (most recent call last):
  File "C:\Python313\Lib\unittest\case.py", line 58, in testPartExecutor
    yield
  File "C:\Python313\Lib\unittest\case.py", line 651, in run
    self._callTestMethod(testMethod)
    
  File "C:\Python313\Lib\unittest\case.py", line 606, in _callTestMethod
    if method() is not None:
    ^^^^^^^^^^^^^^^
  File "c:\users\suhan\pycharmprojects\g88.2026.t10.ge2b\src\unittest\python\test_register_project_tests.py", line 95, in test_TC_SYN_07_missing_colon
    with self.assertRaises(EnterpriseManagementException) as cm:
    ^^^^^^^^^^^
  File "C:\Python313\Lib\unittest\case.py", line 263, in __exit__
    self._raiseFailure("{} not raised".format(exc_name))
    ^^^^^^^
  File "C:\Python313\Lib\unittest\case.py", line 200, in _raiseFailure
    raise self.test_case.failureException(msg)
    ^^^^^^^^^^^^^^^
AssertionError: EnterpriseManagementException not raised
]]></failure>
	</testcase>
	<testcase classname="test_register_project_tests.MyTestCase" name="test_TC_SYN_08_missing_project_id" time="0.009" timestamp="2026-04-23T17:14:32">
		<failure type="AssertionError" message="EnterpriseManagementException not raised"><![CDATA[Traceback (most recent call last):
  File "C:\Python313\Lib\unittest\case.py", line 58, in testPartExecutor
    yield
  File "C:\Python313\Lib\unittest\case.py", line 651, in run
    self._callTestMethod(testMethod)
    
  File "C:\Python313\Lib\unittest\case.py", line 606, in _callTestMethod
    if method() is not None:
    ^^^^^^^^^^^^^^^
  File "c:\users\suhan\pycharmprojects\g88.2026.t10.ge2b\src\unittest\python\test_register_project_tests.py", line 107, in test_TC_SYN_08_missing_project_id
    with self.assertRaises(EnterpriseManagementException) as cm:
    ^^^^^^^^^^^
  File "C:\Python313\Lib\unittest\case.py", line 263, in __exit__
    self._raiseFailure("{} not raised".format(exc_name))
    ^^^^^^^
  File "C:\Python313\Lib\unittest\case.py", line 200, in _raiseFailure
    raise self.test_case.failureException(msg)
    ^^^^^^^^^^^^^^^
AssertionError: EnterpriseManagementException not raised
]]></failure>
	</testcase>
	<testcase classname="test_register_project_tests.MyTestCase" name="test_TC_SYN_09_missing_filename" time="0.009" timestamp="2026-04-23T17:14:32">
		<failure type="AssertionError" message="EnterpriseManagementException not raised"><![CDATA[Traceback (most recent call last):
  File "C:\Python313\Lib\unittest\case.py", line 58, in testPartExecutor
    yield
  File "C:\Python313\Lib\unittest\case.py", line 651, in run
    self._callTestMethod(testMethod)
    
  File "C:\Python313\Lib\unittest\case.py", line 606, in _callTestMethod
    if method() is not None:
    ^^^^^^^^^^^^^^^
  File "c:\users\suhan\pycharmprojects\g88.2026.t10.ge2b\src\unittest\python\test_register_project_tests.py", line 119, in test_TC_SYN_09_missing_filename
    with self.assertRaises(EnterpriseManagementException) as cm:
    ^^^^^^^^^^^
  File "C:\Python313\Lib\unittest\case.py", line 263, in __exit__
    self._raiseFailure("{} not raised".format(exc_name))
    ^^^^^^^
  File "C:\Python313\Lib\unittest\case.py", line 200, in _raiseFailure
    raise self.test_case.failureException(msg)
    ^^^^^^^^^^^^^^^
AssertionError: EnterpriseManagementException not raised
]]></failure>
	</testcase>
	<testcase classname="test_register_project_tests.MyTestCase" name="test_TC_SYN_10_project_id_too_short" time="0.009" timestamp="2026-04-23T17:14:32">
		<failure type="AssertionError" message="EnterpriseManagementException not raised"><![CDATA[Traceback (most recent call last):
  File "C:\Python313\Lib\unittest\case.py", line 58, in testPartExecutor
    yield
  File "C:\Python313\Lib\unittest\case.py", line 651, in run
    self._callTestMethod(testMethod)
    
  File "C:\Python313\Lib\unittest\case.py", line 606, in _callTestMethod
    if method() is not None:
    ^^^^^^^^^^^^^^^
  File "c:\users\suhan\pycharmprojects\g88.2026.t10.ge2b\src\unittest\python\test_register_project_tests.py", line 131, in test_TC_SYN_10_project_id_too_short
    with self.assertRaises(EnterpriseManagementException) as cm:
    ^^^^^^^^^^^
  File "C:\Python313\Lib\unittest\case.py", line 263, in __exit__
    self._raiseFailure("{} not raised".format(exc_name))
    ^^^^^^^
  File "C:\Python313\Lib\unittest\case.py", line 200, in _raiseFailure
    raise self.test_case.failureException(msg)
    ^^^^^^^^^^^^^^^
AssertionError: EnterpriseManagementException not raised
]]></failure>
	</testcase>
	<testcase classname="test_register_project_tests.MyTestCase" name="test_TC_SYN_11_filename_too_short" time="0.009" timestamp="2026-04-23T17:14:32">
		<failure type="AssertionError" message="EnterpriseManagementException not raised"><![CDATA[Traceback (most recent call last):
  File "C:\Python313\Lib\unittest\case.py", line 58, in testPartExecutor
    yield
  File "C:\Python313\Lib\unittest\case.py", line 651, in run
    self._callTestMethod(testMethod)
    
  File "C:\Python313\Lib\unittest\case.py", line 606, in _callTestMethod
    if method() is not None:
    ^^^^^^^^^^^^^^^
  File "c:\users\suhan\pycharmprojects\g88.2026.t10.ge2b\src\unittest\python\test_register_project_tests.py", line 143, in test_TC_SYN_11_filename_too_short
    with self.assertRaises(EnterpriseManagementException) as cm:
    ^^^^^^^^^^^
  File "C:\Python313\Lib\unittest\case.py", line 263, in __exit__
    self._raiseFailure("{} not raised".format(exc_name))
    ^^^^^^^
  File "C:\Python313\Lib\unittest\case.py", line 200, in _raiseFailure
    raise self.test_case.failureException(msg)
    ^^^^^^^^^^^^^^^
AssertionError: EnterpriseManagementException not raised
]]></failure>
	</testcase>
	<testcase classname="test_register_project_tests.MyTestCase" name="test_TC_SYN_12_no_extension" time="0.010" timestamp="2026-04-23T17:14:32">
		<failure type="AssertionError" message="EnterpriseManagementException not raised"><![CDATA[Traceback (most recent call last):
  File "C:\Python313\Lib\unittest\case.py", line 58, in testPartExecutor
    yield
  File "C:\Python313\Lib\unittest\case.py", line 651, in run
    self._callTestMethod(testMethod)
    
  File "C:\Python313\Lib\unittest\case.py", line 606, in _callTestMethod
    if method() is not None:
    ^^^^^^^^^^^^^^^
  File "c:\users\suhan\pycharmprojects\g88.2026.t10.ge2b\src\unittest\python\test_register_project_tests.py", line 155, in test_TC_SYN_12_no_extension
    with self.assertRaises(EnterpriseManagementException) as cm:
    ^^^^^^^^^^^
  File "C:\Python313\Lib\unittest\case.py", line 263, in __exit__
    self._raiseFailure("{} not raised".format(exc_name))
    ^^^^^^^
  File "C:\Python313\Lib\unittest\case.py", line 200, in _raiseFailure
    raise self.test_case.failureException(msg)
    ^^^^^^^^^^^^^^^
AssertionError: EnterpriseManagementException not raised
]]></failure>
	</testcase>
	<testcase classname="test_register_project_tests.MyTestCase" name="test_TC_SYN_13_project_id_too_long" time="0.009" timestamp="2026-04-23T17:14:32">
		<failure type="AssertionError" message="EnterpriseManagementException not raised"><![CDATA[Traceback (most recent call last):
  File "C:\Python313\Lib\unittest\case.py", line 58, in testPartExecutor
    yield
  File "C:\Python313\Lib\unittest\case.py", line 651, in run
    self._callTestMethod(testMethod)
    
  File "C:\Python313\Lib\unittest\case.py", line 606, in _callTestMethod
    if method() is not None:
    ^^^^^^^^^^^^^^^
  File "c:\users\suhan\pycharmprojects\g88.2026.t10.ge2b\src\unittest\python\test_register_project_tests.py", line 167, in test_TC_SYN_13_project_id_too_long
    with self.assertRaises(EnterpriseManagementException) as cm:
    ^^^^^^^^^^^
  File "C:\Python313\Lib\unittest\case.py", line 263, in __exit__
    self._raiseFailure("{} not raised".format(exc_name))
    ^^^^^^^
  File "C:\Python313\Lib\unittest\case.py", line 200, in _raiseFailure
    raise self.test_case.failureException(msg)
    ^^^^^^^^^^^^^^^
AssertionError: EnterpriseManagementException not raised
]]></failure>
	</testcase>
	<testcase classname="test_register_project_tests.MyTestCase" name="test_TC_SYN_14_filename_too_long" time="0.009" timestamp="2026-04-23T17:14:32">
		<failure type="AssertionError" message="EnterpriseManagementException not raised"><![CDATA[Traceback (most recent call last):
  File "C:\Python313\Lib\unittest\case.py", line 58, in testPartExecutor
    yield
  File "C:\Python313\Lib\unittest\case.py", line 651, in run
    self._callTestMethod(testMethod)
    
  File "C:\Python313\Lib\unittest\case.py", line 606, in _callTestMethod
    if method() is not None:
    ^^^^^^^^^^^^^^^
  File "c:\users\suhan\pycharmprojects\g88.2026.t10.ge2b\src\unittest\python\test_register_project_tests.py", line 179, in test_TC_SYN_14_filename_too_long
    with self.assertRaises(EnterpriseManagementException) as cm:
    ^^^^^^^^^^^
  File "C:\Python313\Lib\unittest\case.py", line 263, in __exit__
    self._raiseFailure("{} not raised".format(exc_name))
    ^^^^^^^
  File "C:\Python313\Lib\unittest\case.py", line 200, in _raiseFailure
    raise self.test_case.failureException(msg)
    ^^^^^^^^^^^^^^^
AssertionError: EnterpriseManagementException not raised
]]></failure>
	</testcase>
	<testcase classname="test_register_project_tests.MyTestCase" name="test_TC_SYN_15_duplicate_opening_brace" time="0.008" timestamp="2026-04-23T17:14:32">
		<failure type="AssertionError" message="EnterpriseManagementException not raised"><![CDATA[Traceback (most recent call last):
  File "C:\Python313\Lib\unittest\case.py", line 58, in testPartExecutor
    yield
  File "C:\Python313\Lib\unittest\case.py", line 651, in run
    self._callTestMethod(testMethod)
    
  File "C:\Python313\Lib\unittest\case.py", line 606, in _callTestMethod
    if method() is not None:
    ^^^^^^^^^^^^^^^
  File "c:\users\suhan\pycharmprojects\g88.2026.t10.ge2b\src\unittest\python\test_register_project_tests.py", line 191, in test_TC_SYN_15_duplicate_opening_brace
    with self.assertRaises(EnterpriseManagementException) as cm:
    ^^^^^^^^^^^
  File "C:\Python313\Lib\unittest\case.py", line 263, in __exit__
    self._raiseFailure("{} not raised".format(exc_name))
    ^^^^^^^
  File "C:\Python313\Lib\unittest\case.py", line 200, in _raiseFailure
    raise self.test_case.failureException(msg)
    ^^^^^^^^^^^^^^^
AssertionError: EnterpriseManagementException not raised
]]></failure>
	</testcase>
	<testcase classname="test_register_project_tests.MyTestCase" name="test_TC_SYN_16_duplicate_separator" time="0.009" timestamp="2026-04-23T17:14:32">
		<failure type="AssertionError" message="EnterpriseManagementException not raised"><![CDATA[Traceback (most recent call last):
  File "C:\Python313\Lib\unittest\case.py", line 58, in testPartExecutor
    yield
  File "C:\Python313\Lib\unittest\case.py", line 651, in run
    self._callTestMethod(testMethod)
    
  File "C:\Python313\Lib\unittest\case.py", line 606, in _callTestMethod
    if method() is not None:
    ^^^^^^^^^^^^^^^
  File "c:\users\suhan\pycharmprojects\g88.2026.t10.ge2b\src\unittest\python\test_register_project_tests.py", line 203, in test_TC_SYN_16_duplicate_separator
    with self.assertRaises(EnterpriseManagementException) as cm:
    ^^^^^^^^^^^
  File "C:\Python313\Lib\unittest\case.py", line 263, in __exit__
    self._raiseFailure("{} not raised".format(exc_name))
    ^^^^^^^
  File "C:\Python313\Lib\unittest\case.py", line 200, in _raiseFailure
    raise self.test_case.failureException(msg)
    ^^^^^^^^^^^^^^^
AssertionError: EnterpriseManagementException not raised
]]></failure>
	</testcase>
	<testcase classname="test_register_project_tests.MyTestCase" name="test_TC_SYN_17_modified_opening_brace" time="0.006" timestamp="2026-04-23T17:14:32">
		<failure type="AssertionError" message="EnterpriseManagementException not raised"><![CDATA[Traceback (most recent call last):
  File "C:\Python313\Lib\unittest\case.py", line 58, in testPartExecutor
    yield
  File "C:\Python313\Lib\unittest\case.py", line 651, in run
    self._callTestMethod(testMethod)
    
  File "C:\Python313\Lib\unittest\case.py", line 606, in _callTestMethod
    if method() is not None:
    ^^^^^^^^^^^^^^^
  File "c:\users\suhan\pycharmprojects\g88.2026.t10.ge2b\src\unittest\python\test_register_project_tests.py", line 215, in test_TC_SYN_17_modified_opening_brace
    with self.assertRaises(EnterpriseManagementException) as cm:
    ^^^^^^^^^^^
  File "C:\Python313\Lib\unittest\case.py", line 263, in __exit__
    self._raiseFailure("{} not raised".format(exc_name))
    ^^^^^^^
  File "C:\Python313\Lib\unittest\case.py", line 200, in _raiseFailure
    raise self.test_case.failureException(msg)
    ^^^^^^^^^^^^^^^
AssertionError: EnterpriseManagementException not raised
]]></failure>
	</testcase>
	<testcase classname="test_register_project_tests.MyTestCase" name="test_TC_SYN_18_modified_separator" time="0.009" timestamp="2026-04-23T17:14:32">
		<failure type="AssertionError" message="EnterpriseManagementException not raised"><![CDATA[Traceback (most recent call last):
  File "C:\Python313\Lib\unittest\case.py", line 58, in testPartExecutor
    yield
  File "C:\Python313\Lib\unittest\case.py", line 651, in run
    self._callTestMethod(testMethod)
    
  File "C:\Python313\Lib\unittest\case.py", line 606, in _callTestMethod
    if method() is not None:
    ^^^^^^^^^^^^^^^
  File "c:\users\suhan\pycharmprojects\g88.2026.t10.ge2b\src\unittest\python\test_register_project_tests.py", line 227, in test_TC_SYN_18_modified_separator
    with self.assertRaises(EnterpriseManagementException) as cm:
    ^^^^^^^^^^^
  File "C:\Python313\Lib\unittest\case.py", line 263, in __exit__
    self._raiseFailure("{} not raised".format(exc_name))
    ^^^^^^^
  File "C:\Python313\Lib\unittest\case.py", line 200, in _raiseFailure
    raise self.test_case.failureException(msg)
    ^^^^^^^^^^^^^^^
AssertionError: EnterpriseManagementException not raised
]]></failure>
	</testcase>
	<testcase classname="test_register_project_tests.MyTestCase" name="test_TC_SYN_19_modified_colon" time="0.008" timestamp="2026-04-23T17:14:32">
		<failure type="AssertionError" message="EnterpriseManagementException not raised"><![CDATA[Traceback (most recent call last):
  File "C:\Python313\Lib\unittest\case.py", line 58, in testPartExecutor
    yield
  File "C:\Python313\Lib\unittest\case.py", line 651, in run
    self._callTestMethod(testMethod)
    
  File "C:\Python313\Lib\unittest\case.py", line 606, in _callTestMethod
    if method() is not None:
    ^^^^^^^^^^^^^^^
  File "c:\users\suhan\pycharmprojects\g88.2026.t10.ge2b\src\unittest\python\test_register_project_tests.py", line 239, in test_TC_SYN_19_modified_colon
    with self.assertRaises(EnterpriseManagementException) as cm:
    ^^^^^^^^^^^
  File "C:\Python313\Lib\unittest\case.py", line 263, in __exit__
    self._raiseFailure("{} not raised".format(exc_name))
    ^^^^^^^
  File "C:\Python313\Lib\unittest\case.py", line 200, in _raiseFailure
    raise self.test_case.failureException(msg)
    ^^^^^^^^^^^^^^^
AssertionError: EnterpriseManagementException not raised
]]></failure>
	</testcase>
	<testcase classname="test_register_project_tests.MyTestCase" name="test_TC_SYN_20_wrong_project_id_key" time="0.005" timestamp="2026-04-23T17:14:32">
		<failure type="AssertionError" message="EnterpriseManagementException not raised"><![CDATA[Traceback (most recent call last):
  File "C:\Python313\Lib\unittest\case.py", line 58, in testPartExecutor
    yield
  File "C:\Python313\Lib\unittest\case.py", line 651, in run
    self._callTestMethod(testMethod)
    
  File "C:\Python313\Lib\unittest\case.py", line 606, in _callTestMethod
    if method() is not None:
    ^^^^^^^^^^^^^^^
  File "c:\users\suhan\pycharmprojects\g88.2026.t10.ge2b\src\unittest\python\test_register_project_tests.py", line 251, in test_TC_SYN_20_wrong_project_id_key
    with self.assertRaises(EnterpriseManagementException) as cm:
    ^^^^^^^^^^^
  File "C:\Python313\Lib\unittest\case.py", line 263, in __exit__
    self._raiseFailure("{} not raised".format(exc_name))
    ^^^^^^^
  File "C:\Python313\Lib\unittest\case.py", line 200, in _raiseFailure
    raise self.test_case.failureException(msg)
    ^^^^^^^^^^^^^^^
AssertionError: EnterpriseManagementException not raised
]]></failure>
	</testcase>
	<testcase classname="test_register_project_tests.MyTestCase" name="test_TC_SYN_21_wrong_filename_key" time="0.004" timestamp="2026-04-23T17:14:32">
		<failure type="AssertionError" message="EnterpriseManagementException not raised"><![CDATA[Traceback (most recent call last):
  File "C:\Python313\Lib\unittest\case.py", line 58, in testPartExecutor
    yield
  File "C:\Python313\Lib\unittest\case.py", line 651, in run
    self._callTestMethod(testMethod)
    
  File "C:\Python313\Lib\unittest\case.py", line 606, in _callTestMethod
    if method() is not None:
    ^^^^^^^^^^^^^^^
  File "c:\users\suhan\pycharmprojects\g88.2026.t10.ge2b\src\unittest\python\test_register_project_tests.py", line 263, in test_TC_SYN_21_wrong_filename_key
    with self.assertRaises(EnterpriseManagementException) as cm:
    ^^^^^^^^^^^
  File "C:\Python313\Lib\unittest\case.py", line 263, in __exit__
    self._raiseFailure("{} not raised".format(exc_name))
    ^^^^^^^
  File "C:\Python313\Lib\unittest\case.py", line 200, in _raiseFailure
    raise self.test_case.failureException(msg)
    ^^^^^^^^^^^^^^^
AssertionError: EnterpriseManagementException not raised
]]></failure>
	</testcase>
	<testcase classname="test_register_project_tests.MyTestCase" name="test_TC_SYN_22_invalid_project_id_hex" time="0.007" timestamp="2026-04-23T17:14:32">
		<failure type="AssertionError" message="EnterpriseManagementException not raised"><![CDATA[Traceback (most recent call last):
  File "C:\Python313\Lib\unittest\case.py", line 58, in testPartExecutor
    yield
  File "C:\Python313\Lib\unittest\case.py", line 651, in run
    self._callTestMethod(testMethod)
    
  File "C:\Python313\Lib\unittest\case.py", line 606, in _callTestMethod
    if method() is not None:
    ^^^^^^^^^^^^^^^
  File "c:\users\suhan\pycharmprojects\g88.2026.t10.ge2b\src\unittest\python\test_register_project_tests.py", line 275, in test_TC_SYN_22_invalid_project_id_hex
    with self.assertRaises(EnterpriseManagementException) as cm:
    ^^^^^^^^^^^
  File "C:\Python313\Lib\unittest\case.py", line 263, in __exit__
    self._raiseFailure("{} not raised".format(exc_name))
    ^^^^^^^
  File "C:\Python313\Lib\unittest\case.py", line 200, in _raiseFailure
    raise self.test_case.failureException(msg)
    ^^^^^^^^^^^^^^^
AssertionError: EnterpriseManagementException not raised
]]></failure>
	</testcase>
	<testcase classname="test_register_project_tests.MyTestCase" name="test_TC_SYN_23_invalid_filename_char" time="0.007" timestamp="2026-04-23T17:14:32">
		<failure type="AssertionError" message="EnterpriseManagementException not raised"><![CDATA[Traceback (most recent call last):
  File "C:\Python313\Lib\unittest\case.py", line 58, in testPartExecutor
    yield
  File "C:\Python313\Lib\unittest\case.py", line 651, in run
    self._callTestMethod(testMethod)
    
  File "C:\Python313\Lib\unittest\case.py", line 606, in _callTestMethod
    if method() is not None:
    ^^^^^^^^^^^^^^^
  File "c:\users\suhan\pycharmprojects\g88.2026.t10.ge2b\src\unittest\python\test_register_project_tests.py", line 287, in test_TC_SYN_23_invalid_filename_char
    with self.assertRaises(EnterpriseManagementException) as cm:
    ^^^^^^^^^^^
  File "C:\Python313\Lib\unittest\case.py", line 263, in __exit__
    self._raiseFailure("{} not raised".format(exc_name))
    ^^^^^^^
  File "C:\Python313\Lib\unittest\case.py", line 200, in _raiseFailure
    raise self.test_case.failureException(msg)
    ^^^^^^^^^^^^^^^
AssertionError: EnterpriseManagementException not raised
]]></failure>
	</testcase>
	<testcase classname="test_register_project_tests.MyTestCase" name="test_TC_SYN_24_invalid_extension" time="0.007" timestamp="2026-04-23T17:14:32">
		<failure type="AssertionError" message="EnterpriseManagementException not raised"><![CDATA[Traceback (most recent call last):
  File "C:\Python313\Lib\unittest\case.py", line 58, in testPartExecutor
    yield
  File "C:\Python313\Lib\unittest\case.py", line 651, in run
    self._callTestMethod(testMethod)
    
  File "C:\Python313\Lib\unittest\case.py", line 606, in _callTestMethod
    if method() is not None:
    ^^^^^^^^^^^^^^^
  File "c:\users\suhan\pycharmprojects\g88.2026.t10.ge2b\src\unittest\python\test_register_project_tests.py", line 299, in test_TC_SYN_24_invalid_extension
    with self.assertRaises(EnterpriseManagementException) as cm:
    ^^^^^^^^^^^
  File "C:\Python313\Lib\unittest\case.py", line 263, in __exit__
    self._raiseFailure("{} not raised".format(exc_name))
    ^^^^^^^
  File "C:\Python313\Lib\unittest\case.py", line 200, in _raiseFailure
    raise self.test_case.failureException(msg)
    ^^^^^^^^^^^^^^^
AssertionError: EnterpriseManagementException not raised
]]></failure>
	</testcase>
	<testcase classname="test_register_project_tests.MyTestCase" name="test_TC_SYN_25_file_not_found" time="0.003" timestamp="2026-04-23T17:14:32">
		<failure type="AssertionError" message="EnterpriseManagementException not raised"><![CDATA[Traceback (most recent call last):
  File "C:\Python313\Lib\unittest\case.py", line 58, in testPartExecutor
    yield
  File "C:\Python313\Lib\unittest\case.py", line 651, in run
    self._callTestMethod(testMethod)
    
  File "C:\Python313\Lib\unittest\case.py", line 606, in _callTestMethod
    if method() is not None:
    ^^^^^^^^^^^^^^^
  File "c:\users\suhan\pycharmprojects\g88.2026.t10.ge2b\src\unittest\python\test_register_project_tests.py", line 305, in test_TC_SYN_25_file_not_found
    with self.assertRaises(EnterpriseManagementException) as cm:
    ^^^^^^^^^^^^^^^
  File "C:\Python313\Lib\unittest\case.py", line 263, in __exit__
    self._raiseFailure("{} not raised".format(exc_name))
    ^^^^^^^
  File "C:\Python313\Lib\unittest\case.py", line 200, in _raiseFailure
    raise self.test_case.failureException(msg)
    ^^^^^^^^^^^^^^^
AssertionError: EnterpriseManagementException not raised
]]></failure>
	</testcase>
	<testcase classname="test_register_project_tests.MyTestCase" name="test_TC_SYN_26_not_json_content" time="0.008" timestamp="2026-04-23T17:14:32">
		<failure type="AssertionError" message="EnterpriseManagementException not raised"><![CDATA[Traceback (most recent call last):
  File "C:\Python313\Lib\unittest\case.py", line 58, in testPartExecutor
    yield
  File "C:\Python313\Lib\unittest\case.py", line 651, in run
    self._callTestMethod(testMethod)
    
  File "C:\Python313\Lib\unittest\case.py", line 606, in _callTestMethod
    if method() is not None:
    ^^^^^^^^^^^^^^^
  File "c:\users\suhan\pycharmprojects\g88.2026.t10.ge2b\src\unittest\python\test_register_project_tests.py", line 316, in test_TC_SYN_26_not_json_content
    with self.assertRaises(EnterpriseManagementException) as cm:
    ^^^^^^^^^^^
  File "C:\Python313\Lib\unittest\case.py", line 263, in __exit__
    self._raiseFailure("{} not raised".format(exc_name))
    ^^^^^^^
  File "C:\Python313\Lib\unittest\case.py", line 200, in _raiseFailure
    raise self.test_case.failureException(msg)
    ^^^^^^^^^^^^^^^
AssertionError: EnterpriseManagementException not raised
]]></failure>
	</testcase>
	<testcase classname="test_register_project_tests.MyTestCase" name="test_TC_SYN_27_hash_failure" time="0.007" timestamp="2026-04-23T17:14:32">
		<failure type="AssertionError" message="EnterpriseManagementException not raised"><![CDATA[Traceback (most recent call last):
  File "C:\Python313\Lib\unittest\case.py", line 58, in testPartExecutor
    yield
  File "C:\Python313\Lib\unittest\case.py", line 651, in run
    self._callTestMethod(testMethod)
    
  File "C:\Python313\Lib\unittest\case.py", line 606, in _callTestMethod
    if method() is not None:
    ^^^^^^^^^^^^^^^
  File "c:\users\suhan\pycharmprojects\g88.2026.t10.ge2b\src\unittest\python\test_register_project_tests.py", line 337, in test_TC_SYN_27_hash_failure
    with self.assertRaises(EnterpriseManagementException) as cm:
    ^^^^^^^
  File "C:\Python313\Lib\unittest\case.py", line 263, in __exit__
    self._raiseFailure("{} not raised".format(exc_name))
    ^^^^^^^
  File "C:\Python313\Lib\unittest\case.py", line 200, in _raiseFailure
    raise self.test_case.failureException(msg)
    ^^^^^^^^^^^^^^^
AssertionError: EnterpriseManagementException not raised
]]></failure>
	</testcase>
	<testcase classname="test_register_project_tests.MyTestCase" name="test_TC_SYN_01_valid_json_pdf" time="0.008" timestamp="2026-04-23T17:14:32">
		<error type="TypeError" message="cannot unpack non-iterable NoneType object"><![CDATA[Traceback (most recent call last):
  File "C:\Python313\Lib\unittest\case.py", line 58, in testPartExecutor
    yield
  File "C:\Python313\Lib\unittest\case.py", line 651, in run
    self._callTestMethod(testMethod)
    
  File "C:\Python313\Lib\unittest\case.py", line 606, in _callTestMethod
    if method() is not None:
    ^^^^^^^^^^^^^^^
  File "c:\users\suhan\pycharmprojects\g88.2026.t10.ge2b\src\unittest\python\test_register_project_tests.py", line 19, in test_TC_SYN_01_valid_json_pdf
    signature, filename = EnterpriseManager.register_document(file_path)
    ^^^^^^^^^^^
TypeError: cannot unpack non-iterable NoneType object
]]></error>
	</testcase>
	<testcase classname="test_register_project_tests.MyTestCase" name="test_TC_SYN_02_valid_json_docx" time="0.007" timestamp="2026-04-23T17:14:32">
		<error type="TypeError" message="cannot unpack non-iterable NoneType object"><![CDATA[Traceback (most recent call last):
  File "C:\Python313\Lib\unittest\case.py", line 58, in testPartExecutor
    yield
  File "C:\Python313\Lib\unittest\case.py", line 651, in run
    self._callTestMethod(testMethod)
    
  File "C:\Python313\Lib\unittest\case.py", line 606, in _callTestMethod
    if method() is not None:
    ^^^^^^^^^^^^^^^
  File "c:\users\suhan\pycharmprojects\g88.2026.t10.ge2b\src\unittest\python\test_register_project_tests.py", line 33, in test_TC_SYN_02_valid_json_docx
    signature, filename = EnterpriseManager.register_document(file_path)
    ^^^^^^^^^^^
TypeError: cannot unpack non-iterable NoneType object
]]></error>
	</testcase>
	<testcase classname="test_register_project_tests.MyTestCase" name="test_TC_SYN_03_valid_json_xlsx" time="0.007" timestamp="2026-04-23T17:14:32">
		<error type="TypeError" message="cannot unpack non-iterable NoneType object"><![CDATA[Traceback (most recent call last):
  File "C:\Python313\Lib\unittest\case.py", line 58, in testPartExecutor
    yield
  File "C:\Python313\Lib\unittest\case.py", line 651, in run
    self._callTestMethod(testMethod)
    
  File "C:\Python313\Lib\unittest\case.py", line 606, in _callTestMethod
    if method() is not None:
    ^^^^^^^^^^^^^^^
  File "c:\users\suhan\pycharmprojects\g88.2026.t10.ge2b\src\unittest\python\test_register_project_tests.py", line 46, in test_TC_SYN_03_valid_json_xlsx
    signature, filename = EnterpriseManager.register_document(file_path)
    ^^^^^^^^^^^
TypeError: cannot unpack non-iterable NoneType object
]]></error>
	</testcase>
</testsuite>
